<?xml version="1.0" encoding="UTF-8"?>
<testng-results skipped="0" failed="0" ignored="0" total="1" passed="1">
  <reporter-output>
  </reporter-output>
  <suite name="Default suite" duration-ms="33180" started-at="2020-11-23T07:57:45Z" finished-at="2020-11-23T07:58:18Z">
    <groups>
    </groups>
    <test name="Default test" duration-ms="33180" started-at="2020-11-23T07:57:45Z" finished-at="2020-11-23T07:58:18Z">
      <class name="com.enetbanking.testcases.TC_Logintest">
        <test-method status="PASS" signature="setup()[pri:0, instance:com.enetbanking.testcases.TC_Logintest@6eebc39e]" name="setup" is-config="true" duration-ms="16733" started-at="2020-11-23T07:57:45Z" finished-at="2020-11-23T07:58:02Z">
          <reporter-output>
          </reporter-output>
        </test-method> <!-- setup -->
        <test-method status="PASS" signature="loginTest()[pri:0, instance:com.enetbanking.testcases.TC_Logintest@6eebc39e]" name="loginTest" duration-ms="16358" started-at="2020-11-23T07:58:02Z" finished-at="2020-11-23T07:58:18Z">
          <reporter-output>
          </reporter-output>
        </test-method> <!-- loginTest -->
        <test-method status="PASS" signature="tearDown()[pri:0, instance:com.enetbanking.testcases.TC_Logintest@6eebc39e]" name="tearDown" is-config="true" duration-ms="0" started-at="2020-11-23T07:58:18Z" finished-at="2020-11-23T07:58:18Z">
          <reporter-output>
          </reporter-output>
        </test-method> <!-- tearDown -->
      </class> <!-- com.enetbanking.testcases.TC_Logintest -->
    </test> <!-- Default test -->
  </suite> <!-- Default suite -->
</testng-results>
